<?xml version="1.0" encoding="UTF-8"?>
<testng-results skipped="0" failed="1" ignored="0" total="1" passed="0">
  <reporter-output>
    <line>
      <![CDATA[INFO: The value found with Environment variable NSM is: NSM]]>
    </line>
    <line>
      <![CDATA[INFO: The value found with Environment Module variable TMS20Admin is: TMS20Admin]]>
    </line>
    <line>
      <![CDATA[The value found with Environment variable WIN_10_chrome_84 is: WIN_10_chrome_84]]>
    </line>
    <line>
      <![CDATA[INFO: Clients Found: [NSM]
]]>
    </line>
    <line>
      <![CDATA[INFO: Modules Selected: [TMS20Admin]
]]>
    </line>
    <line>
      <![CDATA[INFO: New Suite Created with name: NSM-Sample-WIN_10_chrome_84]]>
    </line>
    <line>
      <![CDATA[<?xml version="1.0" encoding="UTF-8"?>
<!DOCTYPE suite SYSTEM "http://testng.org/testng-1.0.dtd">
<suite name="NSM-Sample-WIN_10_chrome_84">
  <parameter name="os" value="WIN"/>
  <parameter name="osVersion" value="10"/>
  <parameter name="browser" value="chrome"/>
  <parameter name="browserVersion" value="84"/>
  <test thread-count="5" name="SampleTest">
    <classes>
      <class name="com.atmecs.tms20.testscript.ClientAdvanceSearch"/>
    </classes>
  </test> <!-- SampleTest -->
</suite> <!-- NSM-Sample-WIN_10_chrome_84 -->
]]>
    </line>
    <line>
      <![CDATA[Entering USN]]>
    </line>
    <line>
      <![CDATA[Click on next button]]>
    </line>
    <line>
      <![CDATA[Entering pwd]]>
    </line>
    <line>
      <![CDATA[Click signin]]>
    </line>
    <line>
      <![CDATA[click on linkhomesearch_button_link]]>
    </line>
    <line>
      <![CDATA[click on linkclient_link]]>
    </line>
    <line>
      <![CDATA[click on linkadvance_search_link]]>
    </line>
    <line>
      <![CDATA[click on linkconglom_link]]>
    </line>
    <line>
      <![CDATA[Entering CONGLOM Value]]>
    </line>
    <line>
      <![CDATA[FAIL : Error occurred, capturing screenshot; refer to ERROR tab for more details]]>
    </line>
    <line>
      <![CDATA[Unknown error cannot upload screenshot to server : Connection timed out: connect]]>
    </line>
    <line>
      <![CDATA[Unknown error cannot upload screenshot to server : Connection timed out: connect]]>
    </line>
  </reporter-output>
  <suite name="NSM-Sample-WIN_10_chrome_84" duration-ms="66166" started-at="2021-03-25T03:53:14Z" finished-at="2021-03-25T03:54:20Z">
    <groups>
    </groups>
    <test name="SampleTest" duration-ms="66166" started-at="2021-03-25T03:53:14Z" finished-at="2021-03-25T03:54:20Z">
      <class name="com.atmecs.tms20.testscript.ClientAdvanceSearch">
        <test-method status="PASS" signature="preSetup(java.lang.String, java.lang.String, java.lang.String, java.lang.String)[pri:0, instance:com.atmecs.tms20.testscript.ClientAdvanceSearch@20f30fb0]" name="preSetup" is-config="true" duration-ms="8748" started-at="2021-03-25T03:53:14Z" finished-at="2021-03-25T03:53:23Z">
          <params>
            <param index="0">
              <value>
                <![CDATA[WIN]]>
              </value>
            </param>
            <param index="1">
              <value>
                <![CDATA[10]]>
              </value>
            </param>
            <param index="2">
              <value>
                <![CDATA[chrome]]>
              </value>
            </param>
            <param index="3">
              <value>
                <![CDATA[84]]>
              </value>
            </param>
          </params>
          <reporter-output>
          </reporter-output>
        </test-method> <!-- preSetup -->
        <test-method status="FAIL" signature="AdvanceSearch(java.lang.String, java.lang.String, java.lang.String, java.lang.String)[pri:0, instance:com.atmecs.tms20.testscript.ClientAdvanceSearch@20f30fb0]" name="AdvanceSearch" duration-ms="35460" started-at="2021-03-25T03:53:23Z" finished-at="2021-03-25T03:53:59Z">
          <params>
            <param index="0">
              <value>
                <![CDATA[WIN]]>
              </value>
            </param>
            <param index="1">
              <value>
                <![CDATA[10]]>
              </value>
            </param>
            <param index="2">
              <value>
                <![CDATA[chrome]]>
              </value>
            </param>
            <param index="3">
              <value>
                <![CDATA[84]]>
              </value>
            </param>
          </params>
          <exception class="org.openqa.selenium.JavascriptException">
            <message>
              <![CDATA[javascript error: option element is not in a select
  (Session info: chrome=89.0.4389.90)
Build info: version: '3.141.59', revision: 'e82be7d358', time: '2018-11-14T08:17:03'
System info: host: 'ATMECSINLT-407', ip: '192.168.0.104', os.name: 'Windows 10', os.arch: 'amd64', os.version: '10.0', java.version: '1.8.0_241'
Driver info: org.openqa.selenium.chrome.ChromeDriver
Capabilities {acceptInsecureCerts: false, browserName: chrome, browserVersion: 89.0.4389.90, chrome: {chromedriverVersion: 89.0.4389.23 (61b08ee2c5002..., userDataDir: C:\Users\MOHAMM~1.RIZ\AppDa...}, goog:chromeOptions: {debuggerAddress: localhost:49398}, javascriptEnabled: true, networkConnectionEnabled: false, pageLoadStrategy: normal, platform: WINDOWS, platformName: WINDOWS, proxy: Proxy(), setWindowRect: true, strictFileInteractability: false, timeouts: {implicit: 0, pageLoad: 300000, script: 30000}, unhandledPromptBehavior: dismiss and notify, webauthn:extension:largeBlob: true, webauthn:virtualAuthenticators: true}
Session ID: c7c2c34d41d6eafe0c0908676d109fff]]>
            </message>
            <full-stacktrace>
              <![CDATA[org.openqa.selenium.JavascriptException: javascript error: option element is not in a select
  (Session info: chrome=89.0.4389.90)
Build info: version: '3.141.59', revision: 'e82be7d358', time: '2018-11-14T08:17:03'
System info: host: 'ATMECSINLT-407', ip: '192.168.0.104', os.name: 'Windows 10', os.arch: 'amd64', os.version: '10.0', java.version: '1.8.0_241'
Driver info: org.openqa.selenium.chrome.ChromeDriver
Capabilities {acceptInsecureCerts: false, browserName: chrome, browserVersion: 89.0.4389.90, chrome: {chromedriverVersion: 89.0.4389.23 (61b08ee2c5002..., userDataDir: C:\Users\MOHAMM~1.RIZ\AppDa...}, goog:chromeOptions: {debuggerAddress: localhost:49398}, javascriptEnabled: true, networkConnectionEnabled: false, pageLoadStrategy: normal, platform: WINDOWS, platformName: WINDOWS, proxy: Proxy(), setWindowRect: true, strictFileInteractability: false, timeouts: {implicit: 0, pageLoad: 300000, script: 30000}, unhandledPromptBehavior: dismiss and notify, webauthn:extension:largeBlob: true, webauthn:virtualAuthenticators: true}
Session ID: c7c2c34d41d6eafe0c0908676d109fff
at sun.reflect.NativeConstructorAccessorImpl.newInstance0(Native Method)
at sun.reflect.NativeConstructorAccessorImpl.newInstance(NativeConstructorAccessorImpl.java:62)
at sun.reflect.DelegatingConstructorAccessorImpl.newInstance(DelegatingConstructorAccessorImpl.java:45)
at java.lang.reflect.Constructor.newInstance(Constructor.java:423)
at org.openqa.selenium.remote.http.W3CHttpResponseCodec.createException(W3CHttpResponseCodec.java:187)
at org.openqa.selenium.remote.http.W3CHttpResponseCodec.decode(W3CHttpResponseCodec.java:122)
at org.openqa.selenium.remote.http.W3CHttpResponseCodec.decode(W3CHttpResponseCodec.java:49)
at org.openqa.selenium.remote.HttpCommandExecutor.execute(HttpCommandExecutor.java:158)
at org.openqa.selenium.remote.service.DriverCommandExecutor.execute(DriverCommandExecutor.java:83)
at org.openqa.selenium.remote.RemoteWebDriver.execute(RemoteWebDriver.java:552)
at org.openqa.selenium.remote.RemoteWebElement.execute(RemoteWebElement.java:285)
at org.openqa.selenium.remote.RemoteWebElement.click(RemoteWebElement.java:84)
at com.atmecs.falcon.automation.ui.selenium.Click.performClick(Click.java:148)
at com.atmecs.tms20.pages.TMSLogin.enterConglomparttwo(TMSLogin.java:92)
at com.atmecs.tms20.testscript.ClientAdvanceSearch.AdvanceSearch(ClientAdvanceSearch.java:57)
at sun.reflect.NativeMethodAccessorImpl.invoke0(Native Method)
at sun.reflect.NativeMethodAccessorImpl.invoke(NativeMethodAccessorImpl.java:62)
at sun.reflect.DelegatingMethodAccessorImpl.invoke(DelegatingMethodAccessorImpl.java:43)
at java.lang.reflect.Method.invoke(Method.java:498)
at org.testng.internal.MethodInvocationHelper.invokeMethod(MethodInvocationHelper.java:124)
at org.testng.internal.Invoker.invokeMethod(Invoker.java:583)
at org.testng.internal.Invoker.invokeTestMethod(Invoker.java:719)
at org.testng.internal.Invoker.invokeTestMethods(Invoker.java:989)
at org.testng.internal.TestMethodWorker.invokeTestMethods(TestMethodWorker.java:125)
at org.testng.internal.TestMethodWorker.run(TestMethodWorker.java:109)
at org.testng.TestRunner.privateRun(TestRunner.java:648)
at org.testng.TestRunner.run(TestRunner.java:505)
at org.testng.SuiteRunner.runTest(SuiteRunner.java:455)
at org.testng.SuiteRunner.runSequentially(SuiteRunner.java:450)
at org.testng.SuiteRunner.privateRun(SuiteRunner.java:415)
at org.testng.SuiteRunner.run(SuiteRunner.java:364)
at org.testng.SuiteRunnerWorker.runSuite(SuiteRunnerWorker.java:52)
at org.testng.SuiteRunnerWorker.run(SuiteRunnerWorker.java:84)
at org.testng.TestNG.runSuitesSequentially(TestNG.java:1208)
at org.testng.TestNG.runSuitesLocally(TestNG.java:1137)
at org.testng.TestNG.runSuites(TestNG.java:1049)
at org.testng.TestNG.run(TestNG.java:1017)
at com.atmecs.tms20.runner.TestNGRunner.main(TestNGRunner.java:61)
at sun.reflect.NativeMethodAccessorImpl.invoke0(Native Method)
at sun.reflect.NativeMethodAccessorImpl.invoke(NativeMethodAccessorImpl.java:62)
at sun.reflect.DelegatingMethodAccessorImpl.invoke(DelegatingMethodAccessorImpl.java:43)
at java.lang.reflect.Method.invoke(Method.java:498)
at org.codehaus.mojo.exec.ExecJavaMojo$1.run(ExecJavaMojo.java:294)
at java.lang.Thread.run(Thread.java:748)
]]>
            </full-stacktrace>
          </exception> <!-- org.openqa.selenium.JavascriptException -->
          <reporter-output>
            <line>
              <![CDATA[Entering USN]]>
            </line>
            <line>
              <![CDATA[Click on next button]]>
            </line>
            <line>
              <![CDATA[Entering pwd]]>
            </line>
            <line>
              <![CDATA[Click signin]]>
            </line>
            <line>
              <![CDATA[click on linkhomesearch_button_link]]>
            </line>
            <line>
              <![CDATA[click on linkclient_link]]>
            </line>
            <line>
              <![CDATA[click on linkadvance_search_link]]>
            </line>
            <line>
              <![CDATA[click on linkconglom_link]]>
            </line>
            <line>
              <![CDATA[Entering CONGLOM Value]]>
            </line>
            <line>
              <![CDATA[FAIL : Error occurred, capturing screenshot; refer to ERROR tab for more details]]>
            </line>
            <line>
              <![CDATA[Unknown error cannot upload screenshot to server : Connection timed out: connect]]>
            </line>
            <line>
              <![CDATA[Unknown error cannot upload screenshot to server : Connection timed out: connect]]>
            </line>
          </reporter-output>
        </test-method> <!-- AdvanceSearch -->
        <test-method status="PASS" signature="teardown()[pri:0, instance:com.atmecs.tms20.testscript.ClientAdvanceSearch@20f30fb0]" name="teardown" is-config="true" duration-ms="504" started-at="2021-03-25T03:54:20Z" finished-at="2021-03-25T03:54:20Z">
          <reporter-output>
          </reporter-output>
        </test-method> <!-- teardown -->
      </class> <!-- com.atmecs.tms20.testscript.ClientAdvanceSearch -->
    </test> <!-- SampleTest -->
  </suite> <!-- NSM-Sample-WIN_10_chrome_84 -->
</testng-results>
