<?xml version="1.0" encoding="UTF-8"?>
<!-- Generated by org.testng.reporters.JUnitXMLReporter -->
<testsuite hostname="ATMECSINLT-407" ignored="0" name="SampleTest" tests="1" failures="0" timestamp="22 Mar 2021 16:24:41 GMT" time="2.718" errors="0">
  <testcase name="@BeforeMethod preSetup" time="2.698" classname="com.atmecs.tms20.testsuite.SampleTestSuiteBase">
    <failure type="java.lang.AssertionError" message="Unexpected error, please check with URL no protocol: url">
      <![CDATA[java.lang.AssertionError: Unexpected error, please check with URL no protocol: url
at com.atmecs.falcon.automation.ui.selenium.Browser.validateURL(Browser.java:526)
at com.atmecs.falcon.automation.ui.selenium.Browser.openURL(Browser.java:374)
at com.atmecs.tms20.testsuite.SampleTestSuiteBase.preSetup(SampleTestSuiteBase.java:33)
at com.atmecs.tms20.runner.TestNGRunner.main(TestNGRunner.java:61)
at org.codehaus.mojo.exec.ExecJavaMojo$1.run(ExecJavaMojo.java:294)
at java.lang.Thread.run(Thread.java:748)
... Removed 30 stack frames]]>
    </failure>
  </testcase> <!-- @BeforeMethod preSetup -->
  <testcase name="@AfterMethod teardown" time="0.0" classname="com.atmecs.tms20.testsuite.SampleTestSuiteBase">
    <skipped/>
  </testcase> <!-- @AfterMethod teardown -->
  <testcase name="AdminModule" time="0.0" classname="com.atmecs.tms20.testscript.ClientAdvanceSearch">
    <skipped/>
  </testcase> <!-- AdminModule -->
</testsuite> <!-- SampleTest -->
